Failed to resolve "".
WARNING: No targets were specified, so 0 hosts scanned.
cp: missing destination file operand after ‘.tmp’
Try 'cp --help' for more information.
Failed to resolve "192.168.1.2.tmp".
cp: missing destination file operand after ‘.tmp’
Try 'cp --help' for more information.
Failed to resolve "192.168.1.2.tmp".
cp: missing destination file operand after ‘.tmp’
Try 'cp --help' for more information.
Failed to resolve "192.168.1.2.tmp".
cp: missing destination file operand after ‘.tmp’
Try 'cp --help' for more information.
Failed to resolve "192.168.1.2.tmp".
cp: missing destination file operand after ‘.tmp’
Try 'cp --help' for more information.
Failed to resolve "192.168.1.2.tmp".
cp: missing destination file operand after ‘.tmp’
Try 'cp --help' for more information.
Failed to resolve "192.168.1.2.tmp".
cp: missing destination file operand after ‘.tmp’
Try 'cp --help' for more information.
Failed to resolve "192.168.1.2.tmp".
cp: missing destination file operand after ‘.tmp’
Try 'cp --help' for more information.
Failed to resolve "192.168.1.2.tmp".
Failed to resolve "192.168.1.2.tmp".
Failed to resolve "192.168.1.2.tmp".
Failed to resolve "192.168.1.2.tmp".
Failed to resolve "192.168.1.2.tmp".
Failed to resolve "192.168.1.2.tmp".
